2025-11-09 11:01:30 - INFO - æ—¥å¿—æ–‡ä»¶å·²åˆ›å»º: logs\diablo3_launcher_20251109_110130.log
2025-11-09 11:01:30 - INFO - Diablo III è‡ªåŠ¨å¯åŠ¨å™¨ å·²å¯åŠ¨
2025-11-09 11:01:30 - INFO - ç¨‹åºå°†åœ¨åå°è¿è¡Œï¼Œæ‰€æœ‰æ—¥å¿—å°†ä¿å­˜åˆ°æ—¥å¿—æ–‡ä»¶ä¸­
2025-11-09 11:01:31 - INFO - ç®¡ç†çª—å£å·²å¯åŠ¨
2025-11-09 11:01:31 - INFO - ç®¡ç†çª—å£å·²å¯åŠ¨ï¼Œå¯ä»¥é€šè¿‡çª—å£ç®¡ç†ç¨‹åº
2025-11-09 11:01:31 - INFO - æ§åˆ¶å°çª—å£å·²éšè—ï¼Œç¨‹åºåœ¨åå°è¿è¡Œ
2025-11-09 11:01:31 - INFO - åå°ç›‘æ§å·²å¯åŠ¨
2025-11-09 11:01:31 - INFO - ROS-BOT æœªè¿è¡Œï¼Œå°è¯•è‡ªåŠ¨ä»¥ç®¡ç†å‘˜æƒé™å¯åŠ¨...
2025-11-09 11:01:31 - INFO - ROS-BOT æœªè¿è¡Œï¼Œå°è¯•ä»¥ç®¡ç†å‘˜æƒé™å¯åŠ¨...
2025-11-09 11:01:46 - INFO - ROS-BOT å¯åŠ¨æˆåŠŸã€‚
2025-11-09 11:14:32 - INFO - [[91m2025-11-09 11:14:32[0m] Diablo III æœªè¿è¡Œï¼Œæ­£åœ¨å°è¯•å¯åŠ¨...
2025-11-09 11:14:32 - INFO - Battle.net æ­£åœ¨è¿è¡Œ...
2025-11-09 11:14:32 - WARNING - æœªæ‰¾åˆ° Battle.net çª—å£
2025-11-09 11:14:42 - INFO - [[91m2025-11-09 11:14:42[0m] Diablo III æœªè¿è¡Œï¼Œæ­£åœ¨å°è¯•å¯åŠ¨...
2025-11-09 11:14:42 - INFO - Battle.net æ­£åœ¨è¿è¡Œ...
2025-11-09 11:14:42 - INFO - æ‰¾åˆ° Battle.net çª—å£ï¼Œä½ç½®: (1099, 339, 362, 721)
2025-11-09 11:14:42 - INFO - æ­£åœ¨æŸ¥æ‰¾PlayæŒ‰é’®...
2025-11-09 11:14:48 - INFO - å·²ç‚¹å‡»PlayæŒ‰é’®ã€‚
2025-11-09 11:14:48 - INFO - å·²ç‚¹å‡» Play æŒ‰é’®ï¼Œæ¸¸æˆæ­£åœ¨å¯åŠ¨...
2025-11-09 22:19:55 - INFO - æ§åˆ¶å°çª—å£å·²æ˜¾ç¤º
2025-11-09 22:20:06 - INFO - æ§åˆ¶å°çª—å£å·²éšè—
2025-11-11 20:51:21 - INFO - [[91m2025-11-11 20:51:21[0m] Diablo III æœªè¿è¡Œï¼Œæ­£åœ¨å°è¯•å¯åŠ¨...
2025-11-11 20:51:21 - INFO - Battle.net æ­£åœ¨è¿è¡Œ...
2025-11-11 20:51:21 - WARNING - æœªæ‰¾åˆ° Battle.net çª—å£
2025-11-11 20:51:31 - INFO - [[91m2025-11-11 20:51:31[0m] Diablo III æœªè¿è¡Œï¼Œæ­£åœ¨å°è¯•å¯åŠ¨...
2025-11-11 20:51:31 - INFO - Battle.net æ­£åœ¨è¿è¡Œ...
2025-11-11 20:51:31 - WARNING - æœªæ‰¾åˆ° Battle.net çª—å£
2025-11-11 20:51:41 - INFO - [[91m2025-11-11 20:51:41[0m] Diablo III æœªè¿è¡Œï¼Œæ­£åœ¨å°è¯•å¯åŠ¨...
2025-11-11 20:51:41 - INFO - Battle.net æ­£åœ¨è¿è¡Œ...
2025-11-11 20:51:42 - INFO - æ‰¾åˆ° Battle.net çª—å£ï¼Œä½ç½®: (427, 53, 1600, 1000)
2025-11-11 20:51:42 - INFO - æ­£åœ¨æŸ¥æ‰¾PlayæŒ‰é’®...
2025-11-11 20:51:43 - INFO - å·²ç‚¹å‡»PlayæŒ‰é’®ã€‚
2025-11-11 20:51:43 - INFO - å·²ç‚¹å‡» Play æŒ‰é’®ï¼Œæ¸¸æˆæ­£åœ¨å¯åŠ¨...
2025-11-11 21:19:56 - INFO - [[91m2025-11-11 21:19:56[0m] Diablo III æœªè¿è¡Œï¼Œæ­£åœ¨å°è¯•å¯åŠ¨...
2025-11-11 21:19:56 - INFO - Battle.net æ­£åœ¨è¿è¡Œ...
2025-11-11 21:19:56 - WARNING - æœªæ‰¾åˆ° Battle.net çª—å£
2025-11-11 21:20:06 - INFO - [[91m2025-11-11 21:20:06[0m] Diablo III æœªè¿è¡Œï¼Œæ­£åœ¨å°è¯•å¯åŠ¨...
2025-11-11 21:20:06 - INFO - Battle.net æ­£åœ¨è¿è¡Œ...
2025-11-11 21:20:07 - INFO - æ‰¾åˆ° Battle.net çª—å£ï¼Œä½ç½®: (427, 53, 1600, 1000)
2025-11-11 21:20:07 - INFO - æ­£åœ¨æŸ¥æ‰¾PlayæŒ‰é’®...
2025-11-11 21:20:08 - INFO - å·²ç‚¹å‡»PlayæŒ‰é’®ã€‚
2025-11-11 21:20:08 - INFO - å·²ç‚¹å‡» Play æŒ‰é’®ï¼Œæ¸¸æˆæ­£åœ¨å¯åŠ¨...
2025-11-12 07:36:49 - INFO - [[91m2025-11-12 07:36:49[0m] Diablo III æœªè¿è¡Œï¼Œæ­£åœ¨å°è¯•å¯åŠ¨...
2025-11-12 07:36:49 - INFO - Battle.net æ­£åœ¨è¿è¡Œ...
2025-11-12 07:36:49 - WARNING - æœªæ‰¾åˆ° Battle.net çª—å£
2025-11-12 07:36:59 - INFO - [[91m2025-11-12 07:36:59[0m] Diablo III æœªè¿è¡Œï¼Œæ­£åœ¨å°è¯•å¯åŠ¨...
2025-11-12 07:36:59 - INFO - Battle.net æ­£åœ¨è¿è¡Œ...
2025-11-12 07:36:59 - INFO - æ‰¾åˆ° Battle.net çª—å£ï¼Œä½ç½®: (13, 238, 1600, 1000)
2025-11-12 07:36:59 - INFO - æ­£åœ¨æŸ¥æ‰¾PlayæŒ‰é’®...
2025-11-12 07:37:01 - INFO - å·²ç‚¹å‡»PlayæŒ‰é’®ã€‚
2025-11-12 07:37:01 - INFO - å·²ç‚¹å‡» Play æŒ‰é’®ï¼Œæ¸¸æˆæ­£åœ¨å¯åŠ¨...
2025-11-12 07:57:40 - INFO - [[91m2025-11-12 07:57:40[0m] Diablo III æœªè¿è¡Œï¼Œæ­£åœ¨å°è¯•å¯åŠ¨...
2025-11-12 07:57:40 - INFO - æ­£åœ¨å¯åŠ¨ Battle.net...
2025-11-12 07:57:40 - INFO - Battle.net æ­£åœ¨åŠ è½½...
2025-11-12 07:57:45 - INFO - æ­£åœ¨æŸ¥æ‰¾å•é€‰æŒ‰é’®...
2025-11-12 07:57:45 - ERROR - æŸ¥æ‰¾å•é€‰æŒ‰é’®æ—¶å‡ºé”™: Failed to read radiobutton.png because file is missing, has improper permissions, or is an unsupported or invalid format
2025-11-12 07:57:45 - ERROR - æŸ¥æ‰¾å•é€‰æŒ‰é’®æ—¶å‡ºé”™: Failed to read radiobutton.png because file is missing, has improper permissions, or is an unsupported or invalid format
2025-11-12 07:57:46 - ERROR - æŸ¥æ‰¾å•é€‰æŒ‰é’®æ—¶å‡ºé”™: Failed to read radiobutton.png because file is missing, has improper permissions, or is an unsupported or invalid format
2025-11-12 07:57:47 - ERROR - æŸ¥æ‰¾å•é€‰æŒ‰é’®æ—¶å‡ºé”™: Failed to read radiobutton.png because file is missing, has improper permissions, or is an unsupported or invalid format
2025-11-12 07:57:47 - ERROR - æŸ¥æ‰¾å•é€‰æŒ‰é’®æ—¶å‡ºé”™: Failed to read radiobutton.png because file is missing, has improper permissions, or is an unsupported or invalid format
2025-11-12 07:57:48 - ERROR - æŸ¥æ‰¾å•é€‰æŒ‰é’®æ—¶å‡ºé”™: Failed to read radiobutton.png because file is missing, has improper permissions, or is an unsupported or invalid format
2025-11-12 07:57:48 - ERROR - æŸ¥æ‰¾å•é€‰æŒ‰é’®æ—¶å‡ºé”™: Failed to read radiobutton.png because file is missing, has improper permissions, or is an unsupported or invalid format
2025-11-12 07:57:49 - ERROR - æŸ¥æ‰¾å•é€‰æŒ‰é’®æ—¶å‡ºé”™: Failed to read radiobutton.png because file is missing, has improper permissions, or is an unsupported or invalid format
2025-11-12 07:57:49 - ERROR - æŸ¥æ‰¾å•é€‰æŒ‰é’®æ—¶å‡ºé”™: Failed to read radiobutton.png because file is missing, has improper permissions, or is an unsupported or invalid format
2025-11-12 07:57:50 - ERROR - æŸ¥æ‰¾å•é€‰æŒ‰é’®æ—¶å‡ºé”™: Failed to read radiobutton.png because file is missing, has improper permissions, or is an unsupported or invalid format
2025-11-12 07:57:50 - WARNING - æœªèƒ½æ‰¾åˆ°å¹¶ç‚¹å‡»å•é€‰æŒ‰é’®ã€‚
2025-11-12 07:57:50 - INFO - æ­£åœ¨æŸ¥æ‰¾ç¡®è®¤æŒ‰é’®...
2025-11-12 07:57:50 - ERROR - æŸ¥æ‰¾ç¡®è®¤æŒ‰é’®æ—¶å‡ºé”™: Failed to read ok.png because file is missing, has improper permissions, or is an unsupported or invalid format
2025-11-12 07:57:51 - ERROR - æŸ¥æ‰¾ç¡®è®¤æŒ‰é’®æ—¶å‡ºé”™: Failed to read ok.png because file is missing, has improper permissions, or is an unsupported or invalid format
2025-11-12 07:57:51 - ERROR - æŸ¥æ‰¾ç¡®è®¤æŒ‰é’®æ—¶å‡ºé”™: Failed to read ok.png because file is missing, has improper permissions, or is an unsupported or invalid format
2025-11-12 07:57:52 - ERROR - æŸ¥æ‰¾ç¡®è®¤æŒ‰é’®æ—¶å‡ºé”™: Failed to read ok.png because file is missing, has improper permissions, or is an unsupported or invalid format
2025-11-12 07:57:53 - ERROR - æŸ¥æ‰¾ç¡®è®¤æŒ‰é’®æ—¶å‡ºé”™: Failed to read ok.png because file is missing, has improper permissions, or is an unsupported or invalid format
2025-11-12 07:57:53 - ERROR - æŸ¥æ‰¾ç¡®è®¤æŒ‰é’®æ—¶å‡ºé”™: Failed to read ok.png because file is missing, has improper permissions, or is an unsupported or invalid format
2025-11-12 07:57:54 - ERROR - æŸ¥æ‰¾ç¡®è®¤æŒ‰é’®æ—¶å‡ºé”™: Failed to read ok.png because file is missing, has improper permissions, or is an unsupported or invalid format
2025-11-12 07:57:54 - ERROR - æŸ¥æ‰¾ç¡®è®¤æŒ‰é’®æ—¶å‡ºé”™: Failed to read ok.png because file is missing, has improper permissions, or is an unsupported or invalid format
2025-11-12 07:57:55 - ERROR - æŸ¥æ‰¾ç¡®è®¤æŒ‰é’®æ—¶å‡ºé”™: Failed to read ok.png because file is missing, has improper permissions, or is an unsupported or invalid format
2025-11-12 07:57:55 - ERROR - æŸ¥æ‰¾ç¡®è®¤æŒ‰é’®æ—¶å‡ºé”™: Failed to read ok.png because file is missing, has improper permissions, or is an unsupported or invalid format
2025-11-12 07:57:56 - INFO - æ­£åœ¨æŸ¥æ‰¾ç¡®è®¤æŒ‰é’®...
2025-11-12 07:57:56 - ERROR - æŸ¥æ‰¾ç¡®è®¤æŒ‰é’®æ—¶å‡ºé”™: Failed to read confirm.png because file is missing, has improper permissions, or is an unsupported or invalid format
2025-11-12 07:57:56 - ERROR - æŸ¥æ‰¾ç¡®è®¤æŒ‰é’®æ—¶å‡ºé”™: Failed to read confirm.png because file is missing, has improper permissions, or is an unsupported or invalid format
2025-11-12 07:57:57 - ERROR - æŸ¥æ‰¾ç¡®è®¤æŒ‰é’®æ—¶å‡ºé”™: Failed to read confirm.png because file is missing, has improper permissions, or is an unsupported or invalid format
2025-11-12 07:57:57 - ERROR - æŸ¥æ‰¾ç¡®è®¤æŒ‰é’®æ—¶å‡ºé”™: Failed to read confirm.png because file is missing, has improper permissions, or is an unsupported or invalid format
2025-11-12 07:57:58 - ERROR - æŸ¥æ‰¾ç¡®è®¤æŒ‰é’®æ—¶å‡ºé”™: Failed to read confirm.png because file is missing, has improper permissions, or is an unsupported or invalid format
2025-11-12 07:57:58 - ERROR - æŸ¥æ‰¾ç¡®è®¤æŒ‰é’®æ—¶å‡ºé”™: Failed to read confirm.png because file is missing, has improper permissions, or is an unsupported or invalid format
2025-11-12 07:57:59 - ERROR - æŸ¥æ‰¾ç¡®è®¤æŒ‰é’®æ—¶å‡ºé”™: Failed to read confirm.png because file is missing, has improper permissions, or is an unsupported or invalid format
2025-11-12 07:58:00 - ERROR - æŸ¥æ‰¾ç¡®è®¤æŒ‰é’®æ—¶å‡ºé”™: Failed to read confirm.png because file is missing, has improper permissions, or is an unsupported or invalid format
2025-11-12 07:58:00 - ERROR - æŸ¥æ‰¾ç¡®è®¤æŒ‰é’®æ—¶å‡ºé”™: Failed to read confirm.png because file is missing, has improper permissions, or is an unsupported or invalid format
2025-11-12 07:58:01 - ERROR - æŸ¥æ‰¾ç¡®è®¤æŒ‰é’®æ—¶å‡ºé”™: Failed to read confirm.png because file is missing, has improper permissions, or is an unsupported or invalid format
2025-11-12 07:58:01 - WARNING - æœªèƒ½æ‰¾åˆ°å¹¶ç‚¹å‡»ç¡®è®¤æŒ‰é’®ã€‚
2025-11-12 07:58:01 - INFO - æ­£åœ¨æŸ¥æ‰¾æµè§ˆå™¨ä¸­çš„'ç¡®å®š'æŒ‰é’®...
2025-11-12 07:58:01 - ERROR - æŸ¥æ‰¾æµè§ˆå™¨ä¸­çš„'ç¡®å®š'æŒ‰é’®æ—¶å‡ºé”™: Failed to read ok_browser.png because file is missing, has improper permissions, or is an unsupported or invalid format
2025-11-12 07:58:02 - ERROR - æŸ¥æ‰¾æµè§ˆå™¨ä¸­çš„'ç¡®å®š'æŒ‰é’®æ—¶å‡ºé”™: Failed to read ok_browser.png because file is missing, has improper permissions, or is an unsupported or invalid format
2025-11-12 07:58:02 - ERROR - æŸ¥æ‰¾æµè§ˆå™¨ä¸­çš„'ç¡®å®š'æŒ‰é’®æ—¶å‡ºé”™: Failed to read ok_browser.png because file is missing, has improper permissions, or is an unsupported or invalid format
2025-11-12 07:58:03 - ERROR - æŸ¥æ‰¾æµè§ˆå™¨ä¸­çš„'ç¡®å®š'æŒ‰é’®æ—¶å‡ºé”™: Failed to read ok_browser.png because file is missing, has improper permissions, or is an unsupported or invalid format
2025-11-12 07:58:03 - ERROR - æŸ¥æ‰¾æµè§ˆå™¨ä¸­çš„'ç¡®å®š'æŒ‰é’®æ—¶å‡ºé”™: Failed to read ok_browser.png because file is missing, has improper permissions, or is an unsupported or invalid format
2025-11-12 07:58:04 - ERROR - æŸ¥æ‰¾æµè§ˆå™¨ä¸­çš„'ç¡®å®š'æŒ‰é’®æ—¶å‡ºé”™: Failed to read ok_browser.png because file is missing, has improper permissions, or is an unsupported or invalid format
2025-11-12 07:58:05 - ERROR - æŸ¥æ‰¾æµè§ˆå™¨ä¸­çš„'ç¡®å®š'æŒ‰é’®æ—¶å‡ºé”™: Failed to read ok_browser.png because file is missing, has improper permissions, or is an unsupported or invalid format
2025-11-12 07:58:05 - ERROR - æŸ¥æ‰¾æµè§ˆå™¨ä¸­çš„'ç¡®å®š'æŒ‰é’®æ—¶å‡ºé”™: Failed to read ok_browser.png because file is missing, has improper permissions, or is an unsupported or invalid format
2025-11-12 07:58:06 - ERROR - æŸ¥æ‰¾æµè§ˆå™¨ä¸­çš„'ç¡®å®š'æŒ‰é’®æ—¶å‡ºé”™: Failed to read ok_browser.png because file is missing, has improper permissions, or is an unsupported or invalid format
2025-11-12 07:58:06 - ERROR - æŸ¥æ‰¾æµè§ˆå™¨ä¸­çš„'ç¡®å®š'æŒ‰é’®æ—¶å‡ºé”™: Failed to read ok_browser.png because file is missing, has improper permissions, or is an unsupported or invalid format
2025-11-12 07:58:07 - WARNING - æœªèƒ½æ‰¾åˆ°å¹¶ç‚¹å‡»æµè§ˆå™¨ä¸­çš„'ç¡®å®š'æŒ‰é’®ã€‚
2025-11-12 07:58:07 - INFO - Battle.net å¯åŠ¨æˆåŠŸ
2025-11-12 07:58:07 - INFO - æ‰¾åˆ° Battle.net çª—å£ï¼Œä½ç½®: (13, 238, 1600, 1000)
2025-11-12 07:58:07 - INFO - æ­£åœ¨æŸ¥æ‰¾PlayæŒ‰é’®...
2025-11-12 07:58:08 - INFO - å·²ç‚¹å‡»PlayæŒ‰é’®ã€‚
2025-11-12 07:58:08 - INFO - å·²ç‚¹å‡» Play æŒ‰é’®ï¼Œæ¸¸æˆæ­£åœ¨å¯åŠ¨...
2025-11-12 07:58:08 - INFO - ROS-BOT æœªè¿è¡Œï¼Œå°è¯•è‡ªåŠ¨ä»¥ç®¡ç†å‘˜æƒé™å¯åŠ¨...
2025-11-12 07:58:08 - INFO - ROS-BOT æœªè¿è¡Œï¼Œå°è¯•ä»¥ç®¡ç†å‘˜æƒé™å¯åŠ¨...
2025-11-12 07:58:23 - INFO - ROS-BOT å¯åŠ¨æˆåŠŸã€‚
2025-11-12 08:17:32 - INFO - [[91m2025-11-12 08:17:32[0m] Diablo III æœªè¿è¡Œï¼Œæ­£åœ¨å°è¯•å¯åŠ¨...
2025-11-12 08:17:32 - INFO - Battle.net æ­£åœ¨è¿è¡Œ...
2025-11-12 08:17:32 - INFO - æ‰¾åˆ° Battle.net çª—å£ï¼Œä½ç½®: (1099, 339, 362, 721)
2025-11-12 08:17:32 - INFO - æ­£åœ¨æŸ¥æ‰¾PlayæŒ‰é’®...
2025-11-12 08:17:38 - INFO - å·²ç‚¹å‡»PlayæŒ‰é’®ã€‚
2025-11-12 08:17:38 - INFO - å·²ç‚¹å‡» Play æŒ‰é’®ï¼Œæ¸¸æˆæ­£åœ¨å¯åŠ¨...
2025-11-12 12:32:41 - INFO - [[91m2025-11-12 12:32:41[0m] Diablo III æœªè¿è¡Œï¼Œæ­£åœ¨å°è¯•å¯åŠ¨...
2025-11-12 12:32:41 - INFO - Battle.net æ­£åœ¨è¿è¡Œ...
2025-11-12 12:32:41 - WARNING - æœªæ‰¾åˆ° Battle.net çª—å£
2025-11-12 12:32:51 - INFO - [[91m2025-11-12 12:32:51[0m] Diablo III æœªè¿è¡Œï¼Œæ­£åœ¨å°è¯•å¯åŠ¨...
2025-11-12 12:32:51 - INFO - Battle.net æ­£åœ¨è¿è¡Œ...
2025-11-12 12:32:51 - WARNING - æœªæ‰¾åˆ° Battle.net çª—å£
2025-11-12 12:33:01 - INFO - [[91m2025-11-12 12:33:01[0m] Diablo III æœªè¿è¡Œï¼Œæ­£åœ¨å°è¯•å¯åŠ¨...
2025-11-12 12:33:01 - INFO - Battle.net æ­£åœ¨è¿è¡Œ...
2025-11-12 12:33:01 - INFO - æ‰¾åˆ° Battle.net çª—å£ï¼Œä½ç½®: (13, 238, 1600, 1000)
2025-11-12 12:33:01 - INFO - æ­£åœ¨æŸ¥æ‰¾PlayæŒ‰é’®...
2025-11-12 12:33:03 - INFO - å·²ç‚¹å‡»PlayæŒ‰é’®ã€‚
2025-11-12 12:33:03 - INFO - å·²ç‚¹å‡» Play æŒ‰é’®ï¼Œæ¸¸æˆæ­£åœ¨å¯åŠ¨...
2025-11-12 18:18:59 - INFO - ä»çª—å£ç®¡ç†å™¨é€€å‡ºç¨‹åº
2025-11-12 18:18:59 - INFO - æ­£åœ¨åœæ­¢åå°æœåŠ¡...
2025-11-12 18:18:59 - INFO - åå°ç›‘æ§å·²åœæ­¢
2025-11-12 18:18:59 - INFO - æ­£åœ¨åœæ­¢åå°æœåŠ¡...
2025-11-12 18:19:00 - INFO - ç¨‹åºå·²é€€å‡º
2025-11-12 18:19:00 - INFO - æ­£åœ¨åœæ­¢åå°æœåŠ¡...
2025-11-12 18:19:01 - INFO - Diablo III è‡ªåŠ¨å¯åŠ¨å™¨å·²åœæ­¢ã€‚
