2025-11-19 11:47:56 - INFO - 日志文件已创建: logs\diablo3_launcher.log
2025-11-19 11:47:56 - INFO - Diablo III 自动启动器 已启动
2025-11-19 11:47:56 - INFO - 程序将在后台运行，所有日志将保存到日志文件中
2025-11-19 11:47:56 - INFO - Diablo III 监控线程已启动
2025-11-19 11:47:56 - INFO - Battle.net 监控线程已启动
2025-11-19 11:47:56 - INFO - ROS-BOT 监控线程已启动
2025-11-19 11:47:56 - INFO - 控制台窗口已隐藏，程序在后台运行
2025-11-19 11:47:57 - INFO - 管理窗口已启动
2025-11-19 23:32:45 - INFO - 检测到 Diablo III 未运行，正在结束 ROS-BOT...
2025-11-19 23:32:45 - INFO - 正在停止 ROS-BOT...
2025-11-19 23:32:46 - INFO - ROS-BOT 已成功停止。
2025-11-19 23:32:46 - WARNING - Diablo III 未运行，正在尝试恢复...
2025-11-19 23:32:46 - INFO - Diablo III 未运行，正在尝试启动...
2025-11-19 23:32:46 - INFO - Battle.net 正在运行...
2025-11-19 23:32:46 - WARNING - 未找到 Battle.net 窗口
2025-11-19 23:32:46 - ERROR - Diablo III 恢复失败，请检查日志获取更多信息
2025-11-19 23:32:56 - WARNING - Diablo III 未运行，正在尝试恢复...
2025-11-19 23:32:56 - INFO - Diablo III 未运行，正在尝试启动...
2025-11-19 23:32:56 - INFO - Battle.net 正在运行...
2025-11-19 23:32:56 - WARNING - 未找到 Battle.net 窗口
2025-11-19 23:32:56 - ERROR - Diablo III 恢复失败，请检查日志获取更多信息
2025-11-19 23:33:06 - WARNING - Diablo III 未运行，正在尝试恢复...
2025-11-19 23:33:06 - INFO - Diablo III 未运行，正在尝试启动...
2025-11-19 23:33:06 - INFO - Battle.net 正在运行...
2025-11-19 23:33:07 - INFO - 找到 Battle.net 窗口，位置: (13, 238, 1600, 1000)
2025-11-19 23:33:07 - INFO - 正在查找Play按钮...
2025-11-19 23:33:08 - INFO - 已点击Play按钮。
2025-11-19 23:33:08 - INFO - 已点击 Play 按钮，游戏正在启动...
2025-11-19 23:33:08 - INFO - Diablo III 恢复成功
2025-11-19 23:33:16 - WARNING - ROS-BOT 未运行，正在尝试恢复...
2025-11-19 23:33:16 - INFO - ROS-BOT 未运行，正在尝试以管理员权限启动...
2025-11-19 23:33:16 - INFO - ROS-BOT 未运行，尝试以管理员权限启动...
2025-11-19 23:33:31 - INFO - ROS-BOT 启动成功。
2025-11-19 23:33:31 - INFO - ROS-BOT 恢复成功
2025-11-20 13:54:38 - WARNING - Diablo III 未运行，正在尝试恢复...
2025-11-20 13:54:38 - INFO - Diablo III 未运行，正在尝试启动...
2025-11-20 13:54:38 - INFO - Battle.net 正在运行...
2025-11-20 13:54:38 - INFO - 找到 Battle.net 窗口，位置: (13, 238, 1600, 1000)
2025-11-20 13:54:38 - INFO - 正在查找Play按钮...
2025-11-20 13:54:40 - INFO - 已点击Play按钮。
2025-11-20 13:54:40 - INFO - 已点击 Play 按钮，游戏正在启动...
2025-11-20 13:54:40 - INFO - Diablo III 恢复成功
2025-11-20 20:05:59 - INFO - 检测到 Diablo III 未运行，正在结束 ROS-BOT...
2025-11-20 20:05:59 - INFO - 正在停止 ROS-BOT...
2025-11-20 20:05:59 - INFO - ROS-BOT 已成功停止。
2025-11-20 20:06:00 - WARNING - Diablo III 未运行，正在尝试恢复...
2025-11-20 20:06:00 - INFO - Diablo III 未运行，正在尝试启动...
2025-11-20 20:06:00 - INFO - Battle.net 正在运行...
2025-11-20 20:06:00 - WARNING - 未找到 Battle.net 窗口
2025-11-20 20:06:00 - ERROR - Diablo III 恢复失败，请检查日志获取更多信息
2025-11-20 20:06:10 - WARNING - Diablo III 未运行，正在尝试恢复...
2025-11-20 20:06:10 - INFO - Diablo III 未运行，正在尝试启动...
2025-11-20 20:06:10 - INFO - Battle.net 正在运行...
2025-11-20 20:06:11 - INFO - 找到 Battle.net 窗口，位置: (13, 238, 1600, 1000)
2025-11-20 20:06:11 - INFO - 正在查找Play按钮...
2025-11-20 20:06:13 - INFO - 已点击Play按钮。
2025-11-20 20:06:13 - INFO - 已点击 Play 按钮，游戏正在启动...
2025-11-20 20:06:13 - INFO - Diablo III 恢复成功
2025-11-20 20:06:19 - WARNING - ROS-BOT 未运行，正在尝试恢复...
2025-11-20 20:06:19 - INFO - ROS-BOT 未运行，正在尝试以管理员权限启动...
2025-11-20 20:06:19 - INFO - ROS-BOT 未运行，尝试以管理员权限启动...
2025-11-20 20:06:34 - INFO - ROS-BOT 启动成功。
2025-11-20 20:06:34 - INFO - ROS-BOT 恢复成功
2025-11-21 14:11:03 - INFO - 检测到 Diablo III 未运行，正在结束 ROS-BOT...
2025-11-21 14:11:03 - INFO - 正在停止 ROS-BOT...
2025-11-21 14:11:03 - INFO - ROS-BOT 已成功停止。
2025-11-21 14:11:08 - WARNING - Diablo III 未运行，正在尝试恢复...
2025-11-21 14:11:08 - INFO - Diablo III 未运行，正在尝试启动...
2025-11-21 14:11:08 - INFO - Battle.net 正在运行...
2025-11-21 14:11:08 - WARNING - 未找到 Battle.net 窗口
2025-11-21 14:11:08 - ERROR - Diablo III 恢复失败，请检查日志获取更多信息
2025-11-21 14:11:18 - WARNING - Diablo III 未运行，正在尝试恢复...
2025-11-21 14:11:18 - INFO - Diablo III 未运行，正在尝试启动...
2025-11-21 14:11:18 - INFO - Battle.net 正在运行...
2025-11-21 14:11:19 - INFO - 找到 Battle.net 窗口，位置: (13, 238, 1600, 1000)
2025-11-21 14:11:19 - INFO - 正在查找Play按钮...
2025-11-21 14:11:25 - WARNING - 未能找到并点击Play按钮。
2025-11-21 14:11:25 - WARNING - 未能找到并点击 Play 按钮
2025-11-21 14:11:25 - ERROR - Diablo III 恢复失败，请检查日志获取更多信息
2025-11-21 14:11:35 - WARNING - Diablo III 未运行，正在尝试恢复...
2025-11-21 14:11:35 - INFO - Diablo III 未运行，正在尝试启动...
2025-11-21 14:11:35 - INFO - Battle.net 正在运行...
2025-11-21 14:11:35 - INFO - 找到 Battle.net 窗口，位置: (13, 238, 1600, 1000)
2025-11-21 14:11:35 - INFO - 正在查找Play按钮...
2025-11-21 14:11:42 - WARNING - 未能找到并点击Play按钮。
2025-11-21 14:11:42 - WARNING - 未能找到并点击 Play 按钮
2025-11-21 14:11:42 - ERROR - Diablo III 恢复失败，请检查日志获取更多信息
2025-11-21 14:11:52 - WARNING - Diablo III 未运行，正在尝试恢复...
2025-11-21 14:11:52 - INFO - Diablo III 未运行，正在尝试启动...
2025-11-21 14:11:52 - INFO - Battle.net 正在运行...
2025-11-21 14:11:52 - INFO - 找到 Battle.net 窗口，位置: (13, 238, 1600, 1000)
2025-11-21 14:11:52 - INFO - 正在查找Play按钮...
2025-11-21 14:11:59 - INFO - 已点击Play按钮。
2025-11-21 14:11:59 - INFO - 已点击 Play 按钮，游戏正在启动...
2025-11-21 14:11:59 - INFO - Diablo III 恢复成功
2025-11-21 14:12:03 - WARNING - ROS-BOT 未运行，正在尝试恢复...
2025-11-21 14:12:03 - INFO - ROS-BOT 未运行，正在尝试以管理员权限启动...
2025-11-21 14:12:03 - INFO - ROS-BOT 未运行，尝试以管理员权限启动...
2025-11-21 14:12:18 - INFO - ROS-BOT 启动成功。
2025-11-21 14:12:18 - INFO - ROS-BOT 恢复成功
2025-11-21 17:32:32 - WARNING - Diablo III 未运行，正在尝试恢复...
2025-11-21 17:32:32 - INFO - Diablo III 未运行，正在尝试启动...
2025-11-21 17:32:32 - INFO - Battle.net 正在运行...
2025-11-21 17:32:32 - WARNING - 未找到 Battle.net 窗口
2025-11-21 17:32:32 - ERROR - Diablo III 恢复失败，请检查日志获取更多信息
2025-11-21 17:32:34 - INFO - 检测到 Diablo III 未运行，正在结束 ROS-BOT...
2025-11-21 17:32:34 - INFO - 正在停止 ROS-BOT...
2025-11-21 17:32:34 - INFO - ROS-BOT 已成功停止。
2025-11-21 17:32:42 - WARNING - Diablo III 未运行，正在尝试恢复...
2025-11-21 17:32:42 - INFO - Diablo III 未运行，正在尝试启动...
2025-11-21 17:32:42 - INFO - Battle.net 正在运行...
2025-11-21 17:32:42 - INFO - 找到 Battle.net 窗口，位置: (1099, 335, 362, 721)
2025-11-21 17:32:42 - INFO - 正在查找Play按钮...
2025-11-21 17:32:49 - INFO - 已点击Play按钮。
2025-11-21 17:32:49 - INFO - 已点击 Play 按钮，游戏正在启动...
2025-11-21 17:32:49 - INFO - Diablo III 恢复成功
2025-11-21 17:32:54 - WARNING - ROS-BOT 未运行，正在尝试恢复...
2025-11-21 17:32:54 - INFO - ROS-BOT 未运行，正在尝试以管理员权限启动...
2025-11-21 17:32:54 - INFO - ROS-BOT 未运行，尝试以管理员权限启动...
2025-11-21 17:33:09 - INFO - ROS-BOT 启动成功。
2025-11-21 17:33:09 - INFO - ROS-BOT 恢复成功
2025-11-21 21:18:03 - WARNING - Diablo III 未运行，正在尝试恢复...
2025-11-21 21:18:03 - INFO - Diablo III 未运行，正在尝试启动...
2025-11-21 21:18:03 - INFO - Battle.net 正在运行...
2025-11-21 21:18:03 - WARNING - 未找到 Battle.net 窗口
2025-11-21 21:18:03 - ERROR - Diablo III 恢复失败，请检查日志获取更多信息
2025-11-21 21:18:06 - INFO - 检测到 Diablo III 未运行，正在结束 ROS-BOT...
2025-11-21 21:18:06 - INFO - 正在停止 ROS-BOT...
2025-11-21 21:18:06 - INFO - ROS-BOT 已成功停止。
2025-11-21 21:18:13 - WARNING - Diablo III 未运行，正在尝试恢复...
2025-11-21 21:18:13 - INFO - Diablo III 未运行，正在尝试启动...
2025-11-21 21:18:13 - INFO - Battle.net 正在运行...
2025-11-21 21:18:13 - INFO - 找到 Battle.net 窗口，位置: (1099, 335, 362, 721)
2025-11-21 21:18:13 - INFO - 正在查找Play按钮...
2025-11-21 21:18:20 - INFO - 已点击Play按钮。
2025-11-21 21:18:20 - INFO - 已点击 Play 按钮，游戏正在启动...
2025-11-21 21:18:20 - INFO - Diablo III 恢复成功
2025-11-21 21:18:26 - WARNING - ROS-BOT 未运行，正在尝试恢复...
2025-11-21 21:18:26 - INFO - ROS-BOT 未运行，正在尝试以管理员权限启动...
2025-11-21 21:18:26 - INFO - ROS-BOT 未运行，尝试以管理员权限启动...
2025-11-21 21:18:41 - INFO - ROS-BOT 启动成功。
2025-11-21 21:18:41 - INFO - ROS-BOT 恢复成功
2025-11-22 09:25:24 - INFO - 检测到 Diablo III 未运行，正在结束 ROS-BOT...
2025-11-22 09:25:24 - INFO - 正在停止 ROS-BOT...
2025-11-22 09:25:27 - INFO - ROS-BOT 已成功停止。
2025-11-22 09:25:30 - WARNING - Diablo III 未运行，正在尝试恢复...
2025-11-22 09:25:30 - INFO - Diablo III 未运行，正在尝试启动...
2025-11-22 09:25:30 - INFO - 正在启动 Battle.net...
2025-11-22 09:25:30 - INFO - Battle.net 正在加载...
2025-11-22 09:25:35 - INFO - 正在查找单选按钮...
2025-11-22 09:25:42 - WARNING - 未能找到并点击单选按钮。
2025-11-22 09:25:42 - INFO - 正在查找确认按钮...
2025-11-22 09:25:49 - WARNING - 未能找到并点击确认按钮。
2025-11-22 09:25:49 - INFO - 正在查找浏览器中的'确定'按钮...
2025-11-22 09:25:56 - WARNING - 未能找到并点击浏览器中的'确定'按钮。
2025-11-22 09:25:56 - INFO - Battle.net 启动成功
2025-11-22 09:25:56 - INFO - 找到 Battle.net 窗口，位置: (13, 238, 1600, 1000)
2025-11-22 09:25:56 - INFO - 正在查找Play按钮...
2025-11-22 09:25:57 - INFO - 已点击Play按钮。
2025-11-22 09:25:57 - INFO - 已点击 Play 按钮，游戏正在启动...
2025-11-22 09:25:57 - INFO - Diablo III 恢复成功
2025-11-22 09:26:07 - WARNING - ROS-BOT 未运行，正在尝试恢复...
2025-11-22 09:26:07 - INFO - ROS-BOT 未运行，正在尝试以管理员权限启动...
2025-11-22 09:26:07 - INFO - ROS-BOT 未运行，尝试以管理员权限启动...
2025-11-22 09:26:22 - INFO - ROS-BOT 启动成功。
2025-11-22 09:26:22 - INFO - ROS-BOT 恢复成功
2025-11-22 09:26:42 - WARNING - ROS-BOT 未运行，正在尝试恢复...
2025-11-22 09:26:42 - INFO - ROS-BOT 未运行，正在尝试以管理员权限启动...
2025-11-22 09:26:42 - INFO - ROS-BOT 未运行，尝试以管理员权限启动...
2025-11-22 09:26:57 - INFO - ROS-BOT 启动成功。
2025-11-22 09:26:57 - INFO - ROS-BOT 恢复成功
2025-11-22 15:33:55 - WARNING - Diablo III 未运行，正在尝试恢复...
2025-11-22 15:33:55 - INFO - Diablo III 未运行，正在尝试启动...
2025-11-22 15:33:55 - INFO - Battle.net 正在运行...
2025-11-22 15:33:55 - WARNING - 未找到 Battle.net 窗口
2025-11-22 15:33:55 - ERROR - Diablo III 恢复失败，请检查日志获取更多信息
2025-11-22 15:34:00 - INFO - 检测到 Diablo III 未运行，正在结束 ROS-BOT...
2025-11-22 15:34:00 - INFO - 正在停止 ROS-BOT...
2025-11-22 15:34:00 - INFO - ROS-BOT 已成功停止。
2025-11-22 15:34:05 - WARNING - Diablo III 未运行，正在尝试恢复...
2025-11-22 15:34:05 - INFO - Diablo III 未运行，正在尝试启动...
2025-11-22 15:34:05 - INFO - Battle.net 正在运行...
2025-11-22 15:34:05 - INFO - 找到 Battle.net 窗口，位置: (1099, 335, 362, 721)
2025-11-22 15:34:05 - INFO - 正在查找Play按钮...
2025-11-22 15:34:12 - WARNING - 未能找到并点击Play按钮。
2025-11-22 15:34:12 - WARNING - 未能找到并点击 Play 按钮
2025-11-22 15:34:12 - ERROR - Diablo III 恢复失败，请检查日志获取更多信息
2025-11-22 15:34:22 - WARNING - Diablo III 未运行，正在尝试恢复...
2025-11-22 15:34:22 - INFO - Diablo III 未运行，正在尝试启动...
2025-11-22 15:34:22 - INFO - Battle.net 正在运行...
2025-11-22 15:34:22 - INFO - 找到 Battle.net 窗口，位置: (13, 238, 1600, 1000)
2025-11-22 15:34:22 - INFO - 正在查找Play按钮...
2025-11-22 15:34:23 - INFO - 已点击Play按钮。
2025-11-22 15:34:24 - INFO - 已点击 Play 按钮，游戏正在启动...
2025-11-22 15:34:24 - INFO - Diablo III 恢复成功
2025-11-22 15:34:30 - WARNING - ROS-BOT 未运行，正在尝试恢复...
2025-11-22 15:34:30 - INFO - ROS-BOT 未运行，正在尝试以管理员权限启动...
2025-11-22 15:34:30 - INFO - ROS-BOT 未运行，尝试以管理员权限启动...
2025-11-22 15:34:45 - INFO - ROS-BOT 启动成功。
2025-11-22 15:34:45 - INFO - ROS-BOT 恢复成功
2025-11-22 15:40:04 - WARNING - Diablo III 未运行，正在尝试恢复...
2025-11-22 15:40:04 - INFO - Diablo III 未运行，正在尝试启动...
2025-11-22 15:40:04 - INFO - Battle.net 正在运行...
2025-11-22 15:40:04 - WARNING - 未找到 Battle.net 窗口
2025-11-22 15:40:04 - ERROR - Diablo III 恢复失败，请检查日志获取更多信息
2025-11-22 15:40:05 - INFO - 检测到 Diablo III 未运行，正在结束 ROS-BOT...
2025-11-22 15:40:05 - INFO - 正在停止 ROS-BOT...
2025-11-22 15:40:05 - INFO - ROS-BOT 已成功停止。
2025-11-22 15:40:14 - WARNING - Diablo III 未运行，正在尝试恢复...
2025-11-22 15:40:14 - INFO - Diablo III 未运行，正在尝试启动...
2025-11-22 15:40:14 - INFO - Battle.net 正在运行...
2025-11-22 15:40:14 - INFO - 找到 Battle.net 窗口，位置: (13, 238, 1600, 1000)
2025-11-22 15:40:14 - INFO - 正在查找Play按钮...
2025-11-22 15:40:15 - WARNING - ROS-BOT 未运行，正在尝试恢复...
2025-11-22 15:40:15 - INFO - ROS-BOT 未运行，正在尝试以管理员权限启动...
2025-11-22 15:40:15 - INFO - ROS-BOT 未运行，尝试以管理员权限启动...
2025-11-22 15:40:15 - INFO - 已点击Play按钮。
2025-11-22 15:40:16 - INFO - 已点击 Play 按钮，游戏正在启动...
2025-11-22 15:40:16 - INFO - Diablo III 恢复成功
2025-11-22 15:40:30 - INFO - ROS-BOT 启动成功。
2025-11-22 15:40:30 - INFO - ROS-BOT 恢复成功
