2025-11-09 00:02:46 - INFO - 日志文件已创建: logs\diablo3_launcher_20251109_000246.log
2025-11-09 00:02:46 - INFO - Diablo III 自动启动器 已启动
2025-11-09 00:02:46 - INFO - 程序将在后台运行，所有日志将保存到日志文件中
2025-11-09 00:02:46 - INFO - 管理窗口已启动
2025-11-09 00:02:46 - INFO - 管理窗口已启动，可以通过窗口管理程序
2025-11-09 00:02:46 - INFO - 控制台窗口已隐藏，程序在后台运行
2025-11-09 00:02:46 - INFO - 后台监控已启动
2025-11-09 00:02:46 - INFO - [[91m2025-11-09 00:02:46[0m] Diablo III 未运行，正在尝试启动...
2025-11-09 00:02:46 - INFO - Battle.net 正在运行...
2025-11-09 00:02:46 - INFO - 找到 Battle.net 窗口，位置: (712, 237, 1600, 1000)
2025-11-09 00:02:46 - INFO - 正在查找Play按钮...
2025-11-09 00:02:48 - INFO - 已点击Play按钮。
2025-11-09 00:02:48 - INFO - 已点击 Play 按钮，游戏正在启动...
2025-11-09 00:02:48 - INFO - ROS-BOT 未运行，尝试自动以管理员权限启动...
2025-11-09 00:02:48 - INFO - ROS-BOT 未运行，尝试以管理员权限启动...
2025-11-09 00:03:03 - WARNING - ROS-BOT 启动后进程未检测到。
2025-11-09 00:03:13 - INFO - ROS-BOT 未运行，尝试自动以管理员权限启动...
2025-11-09 00:03:13 - INFO - ROS-BOT 未运行，尝试以管理员权限启动...
2025-11-09 00:03:28 - WARNING - ROS-BOT 启动后进程未检测到。
2025-11-09 00:03:38 - INFO - ROS-BOT 未运行，尝试自动以管理员权限启动...
2025-11-09 00:03:38 - INFO - ROS-BOT 未运行，尝试以管理员权限启动...
2025-11-09 00:03:53 - WARNING - ROS-BOT 启动后进程未检测到。
2025-11-09 00:04:03 - INFO - ROS-BOT 未运行，尝试自动以管理员权限启动...
2025-11-09 00:04:03 - INFO - ROS-BOT 未运行，尝试以管理员权限启动...
2025-11-09 00:04:18 - WARNING - ROS-BOT 启动后进程未检测到。
2025-11-09 00:04:28 - INFO - ROS-BOT 未运行，尝试自动以管理员权限启动...
2025-11-09 00:04:28 - INFO - ROS-BOT 未运行，尝试以管理员权限启动...
2025-11-09 00:04:43 - WARNING - ROS-BOT 启动后进程未检测到。
2025-11-09 00:04:54 - INFO - ROS-BOT 未运行，尝试自动以管理员权限启动...
2025-11-09 00:04:54 - INFO - ROS-BOT 未运行，尝试以管理员权限启动...
2025-11-09 00:05:09 - WARNING - ROS-BOT 启动后进程未检测到。
2025-11-09 00:05:19 - INFO - ROS-BOT 未运行，尝试自动以管理员权限启动...
2025-11-09 00:05:19 - INFO - ROS-BOT 未运行，尝试以管理员权限启动...
2025-11-09 00:05:34 - WARNING - ROS-BOT 启动后进程未检测到。
2025-11-09 00:05:44 - INFO - ROS-BOT 未运行，尝试自动以管理员权限启动...
2025-11-09 00:05:44 - INFO - ROS-BOT 未运行，尝试以管理员权限启动...
2025-11-09 00:05:59 - WARNING - ROS-BOT 启动后进程未检测到。
2025-11-09 00:06:09 - INFO - ROS-BOT 未运行，尝试自动以管理员权限启动...
2025-11-09 00:06:09 - INFO - ROS-BOT 未运行，尝试以管理员权限启动...
2025-11-09 00:06:24 - WARNING - ROS-BOT 启动后进程未检测到。
2025-11-09 00:06:34 - INFO - ROS-BOT 未运行，尝试自动以管理员权限启动...
2025-11-09 00:06:34 - INFO - ROS-BOT 未运行，尝试以管理员权限启动...
2025-11-09 00:06:49 - WARNING - ROS-BOT 启动后进程未检测到。
2025-11-09 00:06:59 - INFO - ROS-BOT 未运行，尝试自动以管理员权限启动...
2025-11-09 00:06:59 - INFO - ROS-BOT 未运行，尝试以管理员权限启动...
2025-11-09 00:07:14 - WARNING - ROS-BOT 启动后进程未检测到。
2025-11-09 00:07:24 - INFO - ROS-BOT 未运行，尝试自动以管理员权限启动...
2025-11-09 00:07:24 - INFO - ROS-BOT 未运行，尝试以管理员权限启动...
2025-11-09 00:07:39 - WARNING - ROS-BOT 启动后进程未检测到。
2025-11-09 00:07:50 - INFO - ROS-BOT 未运行，尝试自动以管理员权限启动...
2025-11-09 00:07:50 - INFO - ROS-BOT 未运行，尝试以管理员权限启动...
2025-11-09 00:08:05 - WARNING - ROS-BOT 启动后进程未检测到。
2025-11-09 00:08:15 - INFO - ROS-BOT 未运行，尝试自动以管理员权限启动...
2025-11-09 00:08:15 - INFO - ROS-BOT 未运行，尝试以管理员权限启动...
2025-11-09 00:08:30 - WARNING - ROS-BOT 启动后进程未检测到。
2025-11-09 00:08:40 - INFO - ROS-BOT 未运行，尝试自动以管理员权限启动...
2025-11-09 00:08:40 - INFO - ROS-BOT 未运行，尝试以管理员权限启动...
2025-11-09 00:08:55 - WARNING - ROS-BOT 启动后进程未检测到。
2025-11-09 00:09:05 - INFO - ROS-BOT 未运行，尝试自动以管理员权限启动...
2025-11-09 00:09:05 - INFO - ROS-BOT 未运行，尝试以管理员权限启动...
2025-11-09 00:09:20 - WARNING - ROS-BOT 启动后进程未检测到。
2025-11-09 00:09:30 - INFO - ROS-BOT 未运行，尝试自动以管理员权限启动...
2025-11-09 00:09:30 - INFO - ROS-BOT 未运行，尝试以管理员权限启动...
2025-11-09 00:09:45 - WARNING - ROS-BOT 启动后进程未检测到。
2025-11-09 00:09:55 - INFO - ROS-BOT 未运行，尝试自动以管理员权限启动...
2025-11-09 00:09:55 - INFO - ROS-BOT 未运行，尝试以管理员权限启动...
2025-11-09 00:10:10 - WARNING - ROS-BOT 启动后进程未检测到。
2025-11-09 00:10:20 - INFO - ROS-BOT 未运行，尝试自动以管理员权限启动...
2025-11-09 00:10:20 - INFO - ROS-BOT 未运行，尝试以管理员权限启动...
2025-11-09 00:10:36 - WARNING - ROS-BOT 启动后进程未检测到。
2025-11-09 00:10:46 - INFO - ROS-BOT 未运行，尝试自动以管理员权限启动...
2025-11-09 00:10:46 - INFO - ROS-BOT 未运行，尝试以管理员权限启动...
2025-11-09 00:11:01 - WARNING - ROS-BOT 启动后进程未检测到。
2025-11-09 00:11:11 - INFO - ROS-BOT 未运行，尝试自动以管理员权限启动...
2025-11-09 00:11:11 - INFO - ROS-BOT 未运行，尝试以管理员权限启动...
2025-11-09 00:11:26 - WARNING - ROS-BOT 启动后进程未检测到。
2025-11-09 00:11:26 - INFO - 从窗口管理器退出程序
2025-11-09 00:11:26 - INFO - 正在停止后台服务...
2025-11-09 00:11:26 - INFO - 后台监控已停止
2025-11-09 00:11:27 - INFO - 正在停止后台服务...
2025-11-09 00:11:28 - INFO - 程序已退出
2025-11-09 00:11:28 - INFO - 正在停止后台服务...
2025-11-09 00:11:29 - INFO - Diablo III 自动启动器已停止。
