2025-11-08 23:56:03 - INFO - 日志文件已创建: logs\diablo3_launcher_20251108_235603.log
2025-11-08 23:56:03 - INFO - Diablo III 自动启动器 已启动
2025-11-08 23:56:03 - INFO - 程序将在后台运行，所有日志将保存到日志文件中
2025-11-08 23:56:04 - INFO - 管理窗口已启动
2025-11-08 23:56:04 - INFO - 管理窗口已启动，可以通过窗口管理程序
2025-11-08 23:56:04 - INFO - 控制台窗口已隐藏，程序在后台运行
2025-11-08 23:56:04 - INFO - 后台监控已启动
2025-11-08 23:56:04 - INFO - [[91m2025-11-08 23:56:04[0m] Diablo III 未运行，正在尝试启动...
2025-11-08 23:56:04 - INFO - Battle.net 正在运行...
2025-11-08 23:56:04 - INFO - 找到 Battle.net 窗口，位置: (712, 237, 1600, 1000)
2025-11-08 23:56:04 - INFO - 正在查找Play按钮...
2025-11-08 23:56:05 - INFO - 已点击Play按钮。
2025-11-08 23:56:05 - INFO - 已点击 Play 按钮，游戏正在启动...
2025-11-08 23:56:05 - INFO - ROS-BOT 未运行，尝试自动以管理员权限启动...
2025-11-08 23:56:05 - INFO - ROS-BOT 未运行，尝试以管理员权限启动...
2025-11-08 23:56:20 - WARNING - ROS-BOT 启动后进程未检测到。
2025-11-08 23:56:31 - INFO - ROS-BOT 未运行，尝试自动以管理员权限启动...
2025-11-08 23:56:31 - INFO - ROS-BOT 未运行，尝试以管理员权限启动...
2025-11-08 23:56:46 - WARNING - ROS-BOT 启动后进程未检测到。
2025-11-08 23:56:56 - INFO - ROS-BOT 未运行，尝试自动以管理员权限启动...
2025-11-08 23:56:56 - INFO - ROS-BOT 未运行，尝试以管理员权限启动...
2025-11-08 23:57:11 - WARNING - ROS-BOT 启动后进程未检测到。
2025-11-08 23:57:21 - INFO - ROS-BOT 未运行，尝试自动以管理员权限启动...
2025-11-08 23:57:21 - INFO - ROS-BOT 未运行，尝试以管理员权限启动...
2025-11-08 23:57:36 - WARNING - ROS-BOT 启动后进程未检测到。
2025-11-08 23:57:40 - INFO - 从窗口管理器退出程序
2025-11-08 23:57:40 - INFO - 正在停止后台服务...
2025-11-08 23:57:40 - INFO - 后台监控已停止
2025-11-08 23:57:44 - INFO - 正在停止后台服务...
2025-11-08 23:57:45 - INFO - 程序已退出
2025-11-08 23:57:45 - INFO - 正在停止后台服务...
2025-11-08 23:57:46 - INFO - Diablo III 自动启动器已停止。
