2025-11-08 12:14:03 - INFO - 日志文件已创建: logs\diablo3_launcher_20251108_121403.log
2025-11-08 12:14:03 - INFO - Diablo III 自动启动器 已启动
2025-11-08 12:14:03 - INFO - 程序将在后台运行，所有日志将保存到日志文件中
2025-11-08 12:14:03 - INFO - 管理窗口已启动
2025-11-08 12:14:03 - INFO - 管理窗口已启动，可以通过窗口管理程序
2025-11-08 12:14:03 - INFO - 控制台窗口已隐藏，程序在后台运行
2025-11-08 12:14:03 - INFO - 后台监控已启动
2025-11-08 12:14:14 - INFO - 控制台窗口已显示
2025-11-08 12:14:16 - INFO - 控制台窗口已隐藏
2025-11-08 18:50:22 - INFO - [[91m2025-11-08 18:50:22[0m] Diablo III 未运行，正在尝试启动...
2025-11-08 18:50:23 - INFO - Battle.net 正在运行...
2025-11-08 18:50:23 - WARNING - 未找到 Battle.net 窗口
2025-11-08 18:50:33 - INFO - [[91m2025-11-08 18:50:33[0m] Diablo III 未运行，正在尝试启动...
2025-11-08 18:50:33 - INFO - Battle.net 正在运行...
2025-11-08 18:50:33 - INFO - 找到 Battle.net 窗口，位置: (712, 237, 1600, 1000)
2025-11-08 18:50:33 - INFO - 正在查找Play按钮...
2025-11-08 18:50:40 - WARNING - 未能找到并点击Play按钮。
2025-11-08 18:50:40 - WARNING - 未能找到并点击 Play 按钮
2025-11-08 18:50:50 - INFO - [[91m2025-11-08 18:50:50[0m] Diablo III 未运行，正在尝试启动...
2025-11-08 18:50:50 - INFO - Battle.net 正在运行...
2025-11-08 18:50:50 - INFO - 找到 Battle.net 窗口，位置: (712, 237, 1600, 1000)
2025-11-08 18:50:50 - INFO - 正在查找Play按钮...
2025-11-08 18:50:57 - WARNING - 未能找到并点击Play按钮。
2025-11-08 18:50:57 - WARNING - 未能找到并点击 Play 按钮
2025-11-08 18:51:07 - INFO - [[91m2025-11-08 18:51:07[0m] Diablo III 未运行，正在尝试启动...
2025-11-08 18:51:07 - INFO - Battle.net 正在运行...
2025-11-08 18:51:07 - INFO - 找到 Battle.net 窗口，位置: (712, 237, 1600, 1000)
2025-11-08 18:51:07 - INFO - 正在查找Play按钮...
2025-11-08 18:51:13 - WARNING - 未能找到并点击Play按钮。
2025-11-08 18:51:13 - WARNING - 未能找到并点击 Play 按钮
2025-11-08 18:51:24 - INFO - [[91m2025-11-08 18:51:24[0m] Diablo III 未运行，正在尝试启动...
2025-11-08 18:51:24 - INFO - Battle.net 正在运行...
2025-11-08 18:51:24 - INFO - 找到 Battle.net 窗口，位置: (712, 237, 1600, 1000)
2025-11-08 18:51:24 - INFO - 正在查找Play按钮...
2025-11-08 18:51:25 - INFO - 已点击Play按钮。
2025-11-08 18:51:25 - INFO - 已点击 Play 按钮，游戏正在启动...
2025-11-08 18:53:14 - INFO - 从窗口管理器退出程序
2025-11-08 18:53:14 - INFO - 正在停止后台服务...
2025-11-08 18:53:14 - INFO - 后台监控已停止
2025-11-08 18:53:14 - INFO - 正在停止后台服务...
2025-11-08 18:53:15 - INFO - 程序已退出
2025-11-08 18:53:15 - INFO - 正在停止后台服务...
2025-11-08 18:53:16 - INFO - Diablo III 自动启动器已停止。
