2025-11-09 00:13:55 - INFO - 日志文件已创建: logs\diablo3_launcher_20251109_001355.log
2025-11-09 00:13:55 - INFO - Diablo III 自动启动器 已启动
2025-11-09 00:13:55 - INFO - 程序将在后台运行，所有日志将保存到日志文件中
2025-11-09 00:13:55 - INFO - 管理窗口已启动
2025-11-09 00:13:55 - INFO - 管理窗口已启动，可以通过窗口管理程序
2025-11-09 00:13:55 - INFO - 控制台窗口已隐藏，程序在后台运行
2025-11-09 00:13:55 - INFO - 后台监控已启动
2025-11-09 00:27:41 - INFO - [[91m2025-11-09 00:27:41[0m] Diablo III 未运行，正在尝试启动...
2025-11-09 00:27:41 - INFO - Battle.net 正在运行...
2025-11-09 00:27:41 - WARNING - 未找到 Battle.net 窗口
2025-11-09 00:27:51 - INFO - [[91m2025-11-09 00:27:51[0m] Diablo III 未运行，正在尝试启动...
2025-11-09 00:27:51 - INFO - Battle.net 正在运行...
2025-11-09 00:27:51 - INFO - 找到 Battle.net 窗口，位置: (712, 237, 1600, 1000)
2025-11-09 00:27:51 - INFO - 正在查找Play按钮...
2025-11-09 00:27:52 - INFO - 已点击Play按钮。
2025-11-09 00:27:52 - INFO - 已点击 Play 按钮，游戏正在启动...
2025-11-09 06:37:36 - INFO - [[91m2025-11-09 06:37:36[0m] Diablo III 未运行，正在尝试启动...
2025-11-09 06:37:36 - INFO - Battle.net 正在运行...
2025-11-09 06:37:36 - WARNING - 未找到 Battle.net 窗口
2025-11-09 06:37:46 - INFO - [[91m2025-11-09 06:37:46[0m] Diablo III 未运行，正在尝试启动...
2025-11-09 06:37:46 - INFO - Battle.net 正在运行...
2025-11-09 06:37:46 - INFO - 找到 Battle.net 窗口，位置: (712, 237, 1600, 1000)
2025-11-09 06:37:46 - INFO - 正在查找Play按钮...
2025-11-09 06:37:48 - INFO - 已点击Play按钮。
2025-11-09 06:37:48 - INFO - 已点击 Play 按钮，游戏正在启动...
2025-11-09 07:36:42 - INFO - [[91m2025-11-09 07:36:42[0m] Diablo III 未运行，正在尝试启动...
2025-11-09 07:36:42 - INFO - Battle.net 正在运行...
2025-11-09 07:36:42 - WARNING - 未找到 Battle.net 窗口
2025-11-09 07:36:52 - INFO - [[91m2025-11-09 07:36:52[0m] Diablo III 未运行，正在尝试启动...
2025-11-09 07:36:52 - INFO - Battle.net 正在运行...
2025-11-09 07:36:52 - INFO - 找到 Battle.net 窗口，位置: (712, 237, 1600, 1000)
2025-11-09 07:36:52 - INFO - 正在查找Play按钮...
2025-11-09 07:36:54 - INFO - 已点击Play按钮。
2025-11-09 07:36:54 - INFO - 已点击 Play 按钮，游戏正在启动...
2025-11-09 08:32:47 - INFO - [[91m2025-11-09 08:32:47[0m] Diablo III 未运行，正在尝试启动...
2025-11-09 08:32:47 - INFO - Battle.net 正在运行...
2025-11-09 08:32:47 - INFO - 找到 Battle.net 窗口，位置: (1099, 339, 362, 721)
2025-11-09 08:32:47 - INFO - 正在查找Play按钮...
2025-11-09 08:32:54 - INFO - 已点击Play按钮。
2025-11-09 08:32:54 - INFO - 已点击 Play 按钮，游戏正在启动...
2025-11-09 10:57:37 - INFO - ROS-BOT 未运行，尝试自动以管理员权限启动...
2025-11-09 10:57:37 - INFO - ROS-BOT 未运行，尝试以管理员权限启动...
2025-11-09 10:57:52 - WARNING - ROS-BOT 启动后进程未检测到。
2025-11-09 10:58:02 - INFO - ROS-BOT 未运行，尝试自动以管理员权限启动...
2025-11-09 10:58:02 - INFO - ROS-BOT 未运行，尝试以管理员权限启动...
2025-11-09 10:58:17 - WARNING - ROS-BOT 启动后进程未检测到。
2025-11-09 10:58:27 - INFO - ROS-BOT 未运行，尝试自动以管理员权限启动...
2025-11-09 10:58:27 - INFO - ROS-BOT 未运行，尝试以管理员权限启动...
2025-11-09 10:58:42 - WARNING - ROS-BOT 启动后进程未检测到。
2025-11-09 10:58:52 - INFO - ROS-BOT 未运行，尝试自动以管理员权限启动...
2025-11-09 10:58:52 - INFO - ROS-BOT 未运行，尝试以管理员权限启动...
2025-11-09 10:59:07 - INFO - ROS-BOT 启动成功。
2025-11-09 11:00:28 - INFO - ROS-BOT 未运行，尝试自动以管理员权限启动...
2025-11-09 11:00:28 - INFO - ROS-BOT 未运行，尝试以管理员权限启动...
2025-11-09 11:00:43 - WARNING - ROS-BOT 启动后进程未检测到。
2025-11-09 11:00:43 - INFO - 从窗口管理器退出程序
2025-11-09 11:00:43 - INFO - 正在停止后台服务...
2025-11-09 11:00:43 - INFO - 后台监控已停止
2025-11-09 11:00:47 - INFO - 正在停止后台服务...
2025-11-09 11:00:48 - INFO - 程序已退出
2025-11-09 11:00:48 - INFO - 正在停止后台服务...
2025-11-09 11:00:49 - INFO - Diablo III 自动启动器已停止。
